<?xml version="1.0" encoding="UTF-8"?>
<testsuite xmlns:xsi="http://www.w3.org/2001/XMLSchema-instance" xsi:noNamespaceSchemaLocation="https://maven.apache.org/surefire/maven-surefire-plugin/xsd/surefire-test-report-3.0.xsd" version="3.0" name="com.iot.AppTest" time="0.038" tests="1" errors="0" skipped="0" failures="0">
  <properties>
    <property name="java.specification.version" value="17"/>
    <property name="sun.jnu.encoding" value="UTF-8"/>
    <property name="java.class.path" value="/home/gabriel/IoT/BackEnd/iot/target/test-classes:/home/gabriel/IoT/BackEnd/iot/target/classes:/home/gabriel/.m2/repository/junit/junit/3.8.1/junit-3.8.1.jar:/home/gabriel/.m2/repository/jakarta/servlet/jakarta.servlet-api/6.1.0/jakarta.servlet-api-6.1.0.jar:/home/gabriel/.m2/repository/org/springframework/boot/spring-boot-starter-webflux/3.3.4/spring-boot-starter-webflux-3.3.4.jar:/home/gabriel/.m2/repository/org/springframework/boot/spring-boot-starter/3.3.4/spring-boot-starter-3.3.4.jar:/home/gabriel/.m2/repository/org/springframework/boot/spring-boot/3.3.4/spring-boot-3.3.4.jar:/home/gabriel/.m2/repository/org/springframework/boot/spring-boot-autoconfigure/3.3.4/spring-boot-autoconfigure-3.3.4.jar:/home/gabriel/.m2/repository/org/springframework/boot/spring-boot-starter-logging/3.3.4/spring-boot-starter-logging-3.3.4.jar:/home/gabriel/.m2/repository/ch/qos/logback/logback-classic/1.5.8/logback-classic-1.5.8.jar:/home/gabriel/.m2/repository/ch/qos/logback/logback-core/1.5.8/logback-core-1.5.8.jar:/home/gabriel/.m2/repository/org/apache/logging/log4j/log4j-to-slf4j/2.23.1/log4j-to-slf4j-2.23.1.jar:/home/gabriel/.m2/repository/org/apache/logging/log4j/log4j-api/2.23.1/log4j-api-2.23.1.jar:/home/gabriel/.m2/repository/org/slf4j/jul-to-slf4j/2.0.16/jul-to-slf4j-2.0.16.jar:/home/gabriel/.m2/repository/jakarta/annotation/jakarta.annotation-api/2.1.1/jakarta.annotation-api-2.1.1.jar:/home/gabriel/.m2/repository/org/yaml/snakeyaml/2.2/snakeyaml-2.2.jar:/home/gabriel/.m2/repository/org/springframework/boot/spring-boot-starter-json/3.3.4/spring-boot-starter-json-3.3.4.jar:/home/gabriel/.m2/repository/com/fasterxml/jackson/datatype/jackson-datatype-jdk8/2.17.2/jackson-datatype-jdk8-2.17.2.jar:/home/gabriel/.m2/repository/com/fasterxml/jackson/datatype/jackson-datatype-jsr310/2.17.2/jackson-datatype-jsr310-2.17.2.jar:/home/gabriel/.m2/repository/com/fasterxml/jackson/module/jackson-module-parameter-names/2.17.2/jackson-module-parameter-names-2.17.2.jar:/home/gabriel/.m2/repository/org/springframework/boot/spring-boot-starter-reactor-netty/3.3.4/spring-boot-starter-reactor-netty-3.3.4.jar:/home/gabriel/.m2/repository/io/projectreactor/netty/reactor-netty-http/1.1.22/reactor-netty-http-1.1.22.jar:/home/gabriel/.m2/repository/io/netty/netty-codec-http/4.1.112.Final/netty-codec-http-4.1.112.Final.jar:/home/gabriel/.m2/repository/io/netty/netty-codec-http2/4.1.112.Final/netty-codec-http2-4.1.112.Final.jar:/home/gabriel/.m2/repository/org/springframework/spring-web/6.1.13/spring-web-6.1.13.jar:/home/gabriel/.m2/repository/org/springframework/spring-beans/6.1.13/spring-beans-6.1.13.jar:/home/gabriel/.m2/repository/io/micrometer/micrometer-observation/1.12.10/micrometer-observation-1.12.10.jar:/home/gabriel/.m2/repository/io/micrometer/micrometer-commons/1.12.10/micrometer-commons-1.12.10.jar:/home/gabriel/.m2/repository/org/springframework/spring-webflux/6.1.13/spring-webflux-6.1.13.jar:/home/gabriel/.m2/repository/com/google/inject/guice/7.0.0/guice-7.0.0.jar:/home/gabriel/.m2/repository/jakarta/inject/jakarta.inject-api/2.0.1/jakarta.inject-api-2.0.1.jar:/home/gabriel/.m2/repository/aopalliance/aopalliance/1.0/aopalliance-1.0.jar:/home/gabriel/.m2/repository/com/google/guava/guava/31.0.1-jre/guava-31.0.1-jre.jar:/home/gabriel/.m2/repository/com/google/guava/failureaccess/1.0.1/failureaccess-1.0.1.jar:/home/gabriel/.m2/repository/com/google/guava/listenablefuture/9999.0-empty-to-avoid-conflict-with-guava/listenablefuture-9999.0-empty-to-avoid-conflict-with-guava.jar:/home/gabriel/.m2/repository/com/google/code/findbugs/jsr305/3.0.2/jsr305-3.0.2.jar:/home/gabriel/.m2/repository/org/checkerframework/checker-qual/3.12.0/checker-qual-3.12.0.jar:/home/gabriel/.m2/repository/com/google/errorprone/error_prone_annotations/2.7.1/error_prone_annotations-2.7.1.jar:/home/gabriel/.m2/repository/com/google/j2objc/j2objc-annotations/1.3/j2objc-annotations-1.3.jar:/home/gabriel/.m2/repository/org/springframework/boot/spring-boot-starter-data-r2dbc/3.3.4/spring-boot-starter-data-r2dbc-3.3.4.jar:/home/gabriel/.m2/repository/org/springframework/data/spring-data-r2dbc/3.3.4/spring-data-r2dbc-3.3.4.jar:/home/gabriel/.m2/repository/org/springframework/data/spring-data-relational/3.3.4/spring-data-relational-3.3.4.jar:/home/gabriel/.m2/repository/org/springframework/data/spring-data-commons/3.3.4/spring-data-commons-3.3.4.jar:/home/gabriel/.m2/repository/org/springframework/spring-tx/6.1.13/spring-tx-6.1.13.jar:/home/gabriel/.m2/repository/org/springframework/spring-context/6.1.13/spring-context-6.1.13.jar:/home/gabriel/.m2/repository/org/springframework/spring-jdbc/6.1.13/spring-jdbc-6.1.13.jar:/home/gabriel/.m2/repository/org/springframework/spring-r2dbc/6.1.13/spring-r2dbc-6.1.13.jar:/home/gabriel/.m2/repository/org/slf4j/slf4j-api/2.0.2/slf4j-api-2.0.2.jar:/home/gabriel/.m2/repository/io/r2dbc/r2dbc-pool/1.0.1.RELEASE/r2dbc-pool-1.0.1.RELEASE.jar:/home/gabriel/.m2/repository/io/projectreactor/addons/reactor-pool/1.0.1/reactor-pool-1.0.1.jar:/home/gabriel/.m2/repository/org/postgresql/r2dbc-postgresql/1.0.6.RELEASE/r2dbc-postgresql-1.0.6.RELEASE.jar:/home/gabriel/.m2/repository/com/ongres/scram/client/2.1/client-2.1.jar:/home/gabriel/.m2/repository/com/ongres/scram/common/2.1/common-2.1.jar:/home/gabriel/.m2/repository/com/ongres/stringprep/saslprep/1.1/saslprep-1.1.jar:/home/gabriel/.m2/repository/com/ongres/stringprep/stringprep/1.1/stringprep-1.1.jar:/home/gabriel/.m2/repository/io/projectreactor/reactor-core/3.5.20/reactor-core-3.5.20.jar:/home/gabriel/.m2/repository/io/projectreactor/netty/reactor-netty-core/1.1.22/reactor-netty-core-1.1.22.jar:/home/gabriel/.m2/repository/io/netty/netty-handler/4.1.112.Final/netty-handler-4.1.112.Final.jar:/home/gabriel/.m2/repository/io/netty/netty-common/4.1.112.Final/netty-common-4.1.112.Final.jar:/home/gabriel/.m2/repository/io/netty/netty-resolver/4.1.112.Final/netty-resolver-4.1.112.Final.jar:/home/gabriel/.m2/repository/io/netty/netty-buffer/4.1.112.Final/netty-buffer-4.1.112.Final.jar:/home/gabriel/.m2/repository/io/netty/netty-transport/4.1.112.Final/netty-transport-4.1.112.Final.jar:/home/gabriel/.m2/repository/io/netty/netty-transport-native-unix-common/4.1.112.Final/netty-transport-native-unix-common-4.1.112.Final.jar:/home/gabriel/.m2/repository/io/netty/netty-codec/4.1.112.Final/netty-codec-4.1.112.Final.jar:/home/gabriel/.m2/repository/io/netty/netty-handler-proxy/4.1.112.Final/netty-handler-proxy-4.1.112.Final.jar:/home/gabriel/.m2/repository/io/netty/netty-codec-socks/4.1.112.Final/netty-codec-socks-4.1.112.Final.jar:/home/gabriel/.m2/repository/io/netty/netty-resolver-dns/4.1.112.Final/netty-resolver-dns-4.1.112.Final.jar:/home/gabriel/.m2/repository/io/netty/netty-codec-dns/4.1.112.Final/netty-codec-dns-4.1.112.Final.jar:/home/gabriel/.m2/repository/io/netty/netty-resolver-dns-native-macos/4.1.112.Final/netty-resolver-dns-native-macos-4.1.112.Final-osx-x86_64.jar:/home/gabriel/.m2/repository/io/netty/netty-resolver-dns-classes-macos/4.1.112.Final/netty-resolver-dns-classes-macos-4.1.112.Final.jar:/home/gabriel/.m2/repository/io/netty/netty-transport-native-epoll/4.1.112.Final/netty-transport-native-epoll-4.1.112.Final-linux-x86_64.jar:/home/gabriel/.m2/repository/io/netty/netty-transport-classes-epoll/4.1.112.Final/netty-transport-classes-epoll-4.1.112.Final.jar:/home/gabriel/.m2/repository/org/eclipse/paho/org.eclipse.paho.client.mqttv3/1.2.5/org.eclipse.paho.client.mqttv3-1.2.5.jar:/home/gabriel/.m2/repository/org/springframework/boot/spring-boot-starter-oauth2-resource-server/3.3.4/spring-boot-starter-oauth2-resource-server-3.3.4.jar:/home/gabriel/.m2/repository/org/springframework/security/spring-security-config/6.3.3/spring-security-config-6.3.3.jar:/home/gabriel/.m2/repository/org/springframework/security/spring-security-core/6.3.3/spring-security-core-6.3.3.jar:/home/gabriel/.m2/repository/org/springframework/security/spring-security-crypto/6.3.3/spring-security-crypto-6.3.3.jar:/home/gabriel/.m2/repository/org/springframework/spring-expression/6.1.12/spring-expression-6.1.12.jar:/home/gabriel/.m2/repository/org/springframework/security/spring-security-oauth2-resource-server/6.3.3/spring-security-oauth2-resource-server-6.3.3.jar:/home/gabriel/.m2/repository/org/springframework/security/spring-security-oauth2-jose/6.3.3/spring-security-oauth2-jose-6.3.3.jar:/home/gabriel/.m2/repository/org/springframework/security/spring-security-oauth2-core/6.3.3/spring-security-oauth2-core-6.3.3.jar:/home/gabriel/.m2/repository/org/springframework/spring-core/6.1.12/spring-core-6.1.12.jar:/home/gabriel/.m2/repository/org/springframework/spring-jcl/6.1.12/spring-jcl-6.1.12.jar:/home/gabriel/.m2/repository/com/nimbusds/nimbus-jose-jwt/9.37.3/nimbus-jose-jwt-9.37.3.jar:/home/gabriel/.m2/repository/com/github/stephenc/jcip/jcip-annotations/1.0-1/jcip-annotations-1.0-1.jar:/home/gabriel/.m2/repository/org/springframework/boot/spring-boot-starter-security/3.3.4/spring-boot-starter-security-3.3.4.jar:/home/gabriel/.m2/repository/org/springframework/spring-aop/6.1.13/spring-aop-6.1.13.jar:/home/gabriel/.m2/repository/org/springframework/security/spring-security-web/6.3.3/spring-security-web-6.3.3.jar:/home/gabriel/.m2/repository/io/r2dbc/r2dbc-spi/1.0.0.RELEASE/r2dbc-spi-1.0.0.RELEASE.jar:/home/gabriel/.m2/repository/org/reactivestreams/reactive-streams/1.0.3/reactive-streams-1.0.3.jar:/home/gabriel/.m2/repository/com/fasterxml/jackson/core/jackson-databind/2.18.0/jackson-databind-2.18.0.jar:/home/gabriel/.m2/repository/com/fasterxml/jackson/core/jackson-annotations/2.18.0/jackson-annotations-2.18.0.jar:/home/gabriel/.m2/repository/com/fasterxml/jackson/core/jackson-core/2.18.0/jackson-core-2.18.0.jar:/home/gabriel/.m2/repository/io/jsonwebtoken/jjwt-api/0.11.5/jjwt-api-0.11.5.jar:/home/gabriel/.m2/repository/io/jsonwebtoken/jjwt-impl/0.11.5/jjwt-impl-0.11.5.jar:/home/gabriel/.m2/repository/io/jsonwebtoken/jjwt-jackson/0.11.5/jjwt-jackson-0.11.5.jar:"/>
    <property name="java.vm.vendor" value="Ubuntu"/>
    <property name="sun.arch.data.model" value="64"/>
    <property name="java.vendor.url" value="https://ubuntu.com/"/>
    <property name="os.name" value="Linux"/>
    <property name="java.vm.specification.version" value="17"/>
    <property name="sun.java.launcher" value="SUN_STANDARD"/>
    <property name="user.country" value="BR"/>
    <property name="sun.boot.library.path" value="/usr/lib/jvm/java-17-openjdk-amd64/lib"/>
    <property name="sun.java.command" value="/home/gabriel/IoT/BackEnd/iot/target/surefire/surefirebooter-20241014201225921_3.jar /home/gabriel/IoT/BackEnd/iot/target/surefire 2024-10-14T20-12-25_774-jvmRun1 surefire-20241014201225921_1tmp surefire_0-20241014201225921_2tmp"/>
    <property name="jdk.debug" value="release"/>
    <property name="surefire.test.class.path" value="/home/gabriel/IoT/BackEnd/iot/target/test-classes:/home/gabriel/IoT/BackEnd/iot/target/classes:/home/gabriel/.m2/repository/junit/junit/3.8.1/junit-3.8.1.jar:/home/gabriel/.m2/repository/jakarta/servlet/jakarta.servlet-api/6.1.0/jakarta.servlet-api-6.1.0.jar:/home/gabriel/.m2/repository/org/springframework/boot/spring-boot-starter-webflux/3.3.4/spring-boot-starter-webflux-3.3.4.jar:/home/gabriel/.m2/repository/org/springframework/boot/spring-boot-starter/3.3.4/spring-boot-starter-3.3.4.jar:/home/gabriel/.m2/repository/org/springframework/boot/spring-boot/3.3.4/spring-boot-3.3.4.jar:/home/gabriel/.m2/repository/org/springframework/boot/spring-boot-autoconfigure/3.3.4/spring-boot-autoconfigure-3.3.4.jar:/home/gabriel/.m2/repository/org/springframework/boot/spring-boot-starter-logging/3.3.4/spring-boot-starter-logging-3.3.4.jar:/home/gabriel/.m2/repository/ch/qos/logback/logback-classic/1.5.8/logback-classic-1.5.8.jar:/home/gabriel/.m2/repository/ch/qos/logback/logback-core/1.5.8/logback-core-1.5.8.jar:/home/gabriel/.m2/repository/org/apache/logging/log4j/log4j-to-slf4j/2.23.1/log4j-to-slf4j-2.23.1.jar:/home/gabriel/.m2/repository/org/apache/logging/log4j/log4j-api/2.23.1/log4j-api-2.23.1.jar:/home/gabriel/.m2/repository/org/slf4j/jul-to-slf4j/2.0.16/jul-to-slf4j-2.0.16.jar:/home/gabriel/.m2/repository/jakarta/annotation/jakarta.annotation-api/2.1.1/jakarta.annotation-api-2.1.1.jar:/home/gabriel/.m2/repository/org/yaml/snakeyaml/2.2/snakeyaml-2.2.jar:/home/gabriel/.m2/repository/org/springframework/boot/spring-boot-starter-json/3.3.4/spring-boot-starter-json-3.3.4.jar:/home/gabriel/.m2/repository/com/fasterxml/jackson/datatype/jackson-datatype-jdk8/2.17.2/jackson-datatype-jdk8-2.17.2.jar:/home/gabriel/.m2/repository/com/fasterxml/jackson/datatype/jackson-datatype-jsr310/2.17.2/jackson-datatype-jsr310-2.17.2.jar:/home/gabriel/.m2/repository/com/fasterxml/jackson/module/jackson-module-parameter-names/2.17.2/jackson-module-parameter-names-2.17.2.jar:/home/gabriel/.m2/repository/org/springframework/boot/spring-boot-starter-reactor-netty/3.3.4/spring-boot-starter-reactor-netty-3.3.4.jar:/home/gabriel/.m2/repository/io/projectreactor/netty/reactor-netty-http/1.1.22/reactor-netty-http-1.1.22.jar:/home/gabriel/.m2/repository/io/netty/netty-codec-http/4.1.112.Final/netty-codec-http-4.1.112.Final.jar:/home/gabriel/.m2/repository/io/netty/netty-codec-http2/4.1.112.Final/netty-codec-http2-4.1.112.Final.jar:/home/gabriel/.m2/repository/org/springframework/spring-web/6.1.13/spring-web-6.1.13.jar:/home/gabriel/.m2/repository/org/springframework/spring-beans/6.1.13/spring-beans-6.1.13.jar:/home/gabriel/.m2/repository/io/micrometer/micrometer-observation/1.12.10/micrometer-observation-1.12.10.jar:/home/gabriel/.m2/repository/io/micrometer/micrometer-commons/1.12.10/micrometer-commons-1.12.10.jar:/home/gabriel/.m2/repository/org/springframework/spring-webflux/6.1.13/spring-webflux-6.1.13.jar:/home/gabriel/.m2/repository/com/google/inject/guice/7.0.0/guice-7.0.0.jar:/home/gabriel/.m2/repository/jakarta/inject/jakarta.inject-api/2.0.1/jakarta.inject-api-2.0.1.jar:/home/gabriel/.m2/repository/aopalliance/aopalliance/1.0/aopalliance-1.0.jar:/home/gabriel/.m2/repository/com/google/guava/guava/31.0.1-jre/guava-31.0.1-jre.jar:/home/gabriel/.m2/repository/com/google/guava/failureaccess/1.0.1/failureaccess-1.0.1.jar:/home/gabriel/.m2/repository/com/google/guava/listenablefuture/9999.0-empty-to-avoid-conflict-with-guava/listenablefuture-9999.0-empty-to-avoid-conflict-with-guava.jar:/home/gabriel/.m2/repository/com/google/code/findbugs/jsr305/3.0.2/jsr305-3.0.2.jar:/home/gabriel/.m2/repository/org/checkerframework/checker-qual/3.12.0/checker-qual-3.12.0.jar:/home/gabriel/.m2/repository/com/google/errorprone/error_prone_annotations/2.7.1/error_prone_annotations-2.7.1.jar:/home/gabriel/.m2/repository/com/google/j2objc/j2objc-annotations/1.3/j2objc-annotations-1.3.jar:/home/gabriel/.m2/repository/org/springframework/boot/spring-boot-starter-data-r2dbc/3.3.4/spring-boot-starter-data-r2dbc-3.3.4.jar:/home/gabriel/.m2/repository/org/springframework/data/spring-data-r2dbc/3.3.4/spring-data-r2dbc-3.3.4.jar:/home/gabriel/.m2/repository/org/springframework/data/spring-data-relational/3.3.4/spring-data-relational-3.3.4.jar:/home/gabriel/.m2/repository/org/springframework/data/spring-data-commons/3.3.4/spring-data-commons-3.3.4.jar:/home/gabriel/.m2/repository/org/springframework/spring-tx/6.1.13/spring-tx-6.1.13.jar:/home/gabriel/.m2/repository/org/springframework/spring-context/6.1.13/spring-context-6.1.13.jar:/home/gabriel/.m2/repository/org/springframework/spring-jdbc/6.1.13/spring-jdbc-6.1.13.jar:/home/gabriel/.m2/repository/org/springframework/spring-r2dbc/6.1.13/spring-r2dbc-6.1.13.jar:/home/gabriel/.m2/repository/org/slf4j/slf4j-api/2.0.2/slf4j-api-2.0.2.jar:/home/gabriel/.m2/repository/io/r2dbc/r2dbc-pool/1.0.1.RELEASE/r2dbc-pool-1.0.1.RELEASE.jar:/home/gabriel/.m2/repository/io/projectreactor/addons/reactor-pool/1.0.1/reactor-pool-1.0.1.jar:/home/gabriel/.m2/repository/org/postgresql/r2dbc-postgresql/1.0.6.RELEASE/r2dbc-postgresql-1.0.6.RELEASE.jar:/home/gabriel/.m2/repository/com/ongres/scram/client/2.1/client-2.1.jar:/home/gabriel/.m2/repository/com/ongres/scram/common/2.1/common-2.1.jar:/home/gabriel/.m2/repository/com/ongres/stringprep/saslprep/1.1/saslprep-1.1.jar:/home/gabriel/.m2/repository/com/ongres/stringprep/stringprep/1.1/stringprep-1.1.jar:/home/gabriel/.m2/repository/io/projectreactor/reactor-core/3.5.20/reactor-core-3.5.20.jar:/home/gabriel/.m2/repository/io/projectreactor/netty/reactor-netty-core/1.1.22/reactor-netty-core-1.1.22.jar:/home/gabriel/.m2/repository/io/netty/netty-handler/4.1.112.Final/netty-handler-4.1.112.Final.jar:/home/gabriel/.m2/repository/io/netty/netty-common/4.1.112.Final/netty-common-4.1.112.Final.jar:/home/gabriel/.m2/repository/io/netty/netty-resolver/4.1.112.Final/netty-resolver-4.1.112.Final.jar:/home/gabriel/.m2/repository/io/netty/netty-buffer/4.1.112.Final/netty-buffer-4.1.112.Final.jar:/home/gabriel/.m2/repository/io/netty/netty-transport/4.1.112.Final/netty-transport-4.1.112.Final.jar:/home/gabriel/.m2/repository/io/netty/netty-transport-native-unix-common/4.1.112.Final/netty-transport-native-unix-common-4.1.112.Final.jar:/home/gabriel/.m2/repository/io/netty/netty-codec/4.1.112.Final/netty-codec-4.1.112.Final.jar:/home/gabriel/.m2/repository/io/netty/netty-handler-proxy/4.1.112.Final/netty-handler-proxy-4.1.112.Final.jar:/home/gabriel/.m2/repository/io/netty/netty-codec-socks/4.1.112.Final/netty-codec-socks-4.1.112.Final.jar:/home/gabriel/.m2/repository/io/netty/netty-resolver-dns/4.1.112.Final/netty-resolver-dns-4.1.112.Final.jar:/home/gabriel/.m2/repository/io/netty/netty-codec-dns/4.1.112.Final/netty-codec-dns-4.1.112.Final.jar:/home/gabriel/.m2/repository/io/netty/netty-resolver-dns-native-macos/4.1.112.Final/netty-resolver-dns-native-macos-4.1.112.Final-osx-x86_64.jar:/home/gabriel/.m2/repository/io/netty/netty-resolver-dns-classes-macos/4.1.112.Final/netty-resolver-dns-classes-macos-4.1.112.Final.jar:/home/gabriel/.m2/repository/io/netty/netty-transport-native-epoll/4.1.112.Final/netty-transport-native-epoll-4.1.112.Final-linux-x86_64.jar:/home/gabriel/.m2/repository/io/netty/netty-transport-classes-epoll/4.1.112.Final/netty-transport-classes-epoll-4.1.112.Final.jar:/home/gabriel/.m2/repository/org/eclipse/paho/org.eclipse.paho.client.mqttv3/1.2.5/org.eclipse.paho.client.mqttv3-1.2.5.jar:/home/gabriel/.m2/repository/org/springframework/boot/spring-boot-starter-oauth2-resource-server/3.3.4/spring-boot-starter-oauth2-resource-server-3.3.4.jar:/home/gabriel/.m2/repository/org/springframework/security/spring-security-config/6.3.3/spring-security-config-6.3.3.jar:/home/gabriel/.m2/repository/org/springframework/security/spring-security-core/6.3.3/spring-security-core-6.3.3.jar:/home/gabriel/.m2/repository/org/springframework/security/spring-security-crypto/6.3.3/spring-security-crypto-6.3.3.jar:/home/gabriel/.m2/repository/org/springframework/spring-expression/6.1.12/spring-expression-6.1.12.jar:/home/gabriel/.m2/repository/org/springframework/security/spring-security-oauth2-resource-server/6.3.3/spring-security-oauth2-resource-server-6.3.3.jar:/home/gabriel/.m2/repository/org/springframework/security/spring-security-oauth2-jose/6.3.3/spring-security-oauth2-jose-6.3.3.jar:/home/gabriel/.m2/repository/org/springframework/security/spring-security-oauth2-core/6.3.3/spring-security-oauth2-core-6.3.3.jar:/home/gabriel/.m2/repository/org/springframework/spring-core/6.1.12/spring-core-6.1.12.jar:/home/gabriel/.m2/repository/org/springframework/spring-jcl/6.1.12/spring-jcl-6.1.12.jar:/home/gabriel/.m2/repository/com/nimbusds/nimbus-jose-jwt/9.37.3/nimbus-jose-jwt-9.37.3.jar:/home/gabriel/.m2/repository/com/github/stephenc/jcip/jcip-annotations/1.0-1/jcip-annotations-1.0-1.jar:/home/gabriel/.m2/repository/org/springframework/boot/spring-boot-starter-security/3.3.4/spring-boot-starter-security-3.3.4.jar:/home/gabriel/.m2/repository/org/springframework/spring-aop/6.1.13/spring-aop-6.1.13.jar:/home/gabriel/.m2/repository/org/springframework/security/spring-security-web/6.3.3/spring-security-web-6.3.3.jar:/home/gabriel/.m2/repository/io/r2dbc/r2dbc-spi/1.0.0.RELEASE/r2dbc-spi-1.0.0.RELEASE.jar:/home/gabriel/.m2/repository/org/reactivestreams/reactive-streams/1.0.3/reactive-streams-1.0.3.jar:/home/gabriel/.m2/repository/com/fasterxml/jackson/core/jackson-databind/2.18.0/jackson-databind-2.18.0.jar:/home/gabriel/.m2/repository/com/fasterxml/jackson/core/jackson-annotations/2.18.0/jackson-annotations-2.18.0.jar:/home/gabriel/.m2/repository/com/fasterxml/jackson/core/jackson-core/2.18.0/jackson-core-2.18.0.jar:/home/gabriel/.m2/repository/io/jsonwebtoken/jjwt-api/0.11.5/jjwt-api-0.11.5.jar:/home/gabriel/.m2/repository/io/jsonwebtoken/jjwt-impl/0.11.5/jjwt-impl-0.11.5.jar:/home/gabriel/.m2/repository/io/jsonwebtoken/jjwt-jackson/0.11.5/jjwt-jackson-0.11.5.jar:"/>
    <property name="sun.cpu.endian" value="little"/>
    <property name="user.home" value="/home/gabriel"/>
    <property name="user.language" value="pt"/>
    <property name="java.specification.vendor" value="Oracle Corporation"/>
    <property name="java.version.date" value="2024-07-16"/>
    <property name="java.home" value="/usr/lib/jvm/java-17-openjdk-amd64"/>
    <property name="file.separator" value="/"/>
    <property name="basedir" value="/home/gabriel/IoT/BackEnd/iot"/>
    <property name="java.vm.compressedOopsMode" value="32-bit"/>
    <property name="line.separator" value="&#10;"/>
    <property name="java.vm.specification.vendor" value="Oracle Corporation"/>
    <property name="java.specification.name" value="Java Platform API Specification"/>
    <property name="surefire.real.class.path" value="/home/gabriel/IoT/BackEnd/iot/target/surefire/surefirebooter-20241014201225921_3.jar"/>
    <property name="sun.management.compiler" value="HotSpot 64-Bit Tiered Compilers"/>
    <property name="java.runtime.version" value="17.0.12+7-Ubuntu-1ubuntu220.04"/>
    <property name="user.name" value="gabriel"/>
    <property name="path.separator" value=":"/>
    <property name="os.version" value="5.15.0-122-generic"/>
    <property name="java.runtime.name" value="OpenJDK Runtime Environment"/>
    <property name="file.encoding" value="UTF-8"/>
    <property name="java.vm.name" value="OpenJDK 64-Bit Server VM"/>
    <property name="localRepository" value="/home/gabriel/.m2/repository"/>
    <property name="java.vendor.url.bug" value="https://bugs.launchpad.net/ubuntu/+source/openjdk-17"/>
    <property name="java.io.tmpdir" value="/tmp"/>
    <property name="java.version" value="17.0.12"/>
    <property name="user.dir" value="/home/gabriel/IoT/BackEnd/iot"/>
    <property name="os.arch" value="amd64"/>
    <property name="java.vm.specification.name" value="Java Virtual Machine Specification"/>
    <property name="native.encoding" value="UTF-8"/>
    <property name="java.library.path" value="/usr/java/packages/lib:/usr/lib/x86_64-linux-gnu/jni:/lib/x86_64-linux-gnu:/usr/lib/x86_64-linux-gnu:/usr/lib/jni:/lib:/usr/lib"/>
    <property name="java.vm.info" value="mixed mode, sharing"/>
    <property name="java.vendor" value="Ubuntu"/>
    <property name="java.vm.version" value="17.0.12+7-Ubuntu-1ubuntu220.04"/>
    <property name="sun.io.unicode.encoding" value="UnicodeLittle"/>
    <property name="java.class.version" value="61.0"/>
  </properties>
  <testcase name="testApp" classname="com.iot.AppTest" time="0.003"/>
</testsuite>